d:\git\parallelformosa_g+\proj.win32\debug.win32\libextensions.lib
d:\git\parallelformosa_g+\cocos2d\extensions\proj.win32\debug.win32\assetsmanager.obj
d:\git\parallelformosa_g+\cocos2d\extensions\proj.win32\debug.win32\cccontrol.obj
d:\git\parallelformosa_g+\cocos2d\extensions\proj.win32\debug.win32\cccontrolbutton.obj
d:\git\parallelformosa_g+\cocos2d\extensions\proj.win32\debug.win32\cccontrolcolourpicker.obj
d:\git\parallelformosa_g+\cocos2d\extensions\proj.win32\debug.win32\cccontrolhuepicker.obj
d:\git\parallelformosa_g+\cocos2d\extensions\proj.win32\debug.win32\cccontrolpotentiometer.obj
d:\git\parallelformosa_g+\cocos2d\extensions\proj.win32\debug.win32\cccontrolsaturationbrightnesspicker.obj
d:\git\parallelformosa_g+\cocos2d\extensions\proj.win32\debug.win32\cccontrolslider.obj
d:\git\parallelformosa_g+\cocos2d\extensions\proj.win32\debug.win32\cccontrolstepper.obj
d:\git\parallelformosa_g+\cocos2d\extensions\proj.win32\debug.win32\cccontrolswitch.obj
d:\git\parallelformosa_g+\cocos2d\extensions\proj.win32\debug.win32\cccontrolutils.obj
d:\git\parallelformosa_g+\cocos2d\extensions\proj.win32\debug.win32\cceditbox.obj
d:\git\parallelformosa_g+\cocos2d\extensions\proj.win32\debug.win32\cceditboximplwin.obj
d:\git\parallelformosa_g+\cocos2d\extensions\proj.win32\debug.win32\ccinvocation.obj
d:\git\parallelformosa_g+\cocos2d\extensions\proj.win32\debug.win32\ccphysicsdebugnode.obj
d:\git\parallelformosa_g+\cocos2d\extensions\proj.win32\debug.win32\ccphysicssprite.obj
d:\git\parallelformosa_g+\cocos2d\extensions\proj.win32\debug.win32\ccscale9sprite.obj
d:\git\parallelformosa_g+\cocos2d\extensions\proj.win32\debug.win32\ccscrollview.obj
d:\git\parallelformosa_g+\cocos2d\extensions\proj.win32\debug.win32\cctableview.obj
d:\git\parallelformosa_g+\cocos2d\extensions\proj.win32\debug.win32\cctableviewcell.obj
d:\git\parallelformosa_g+\cocos2d\extensions\proj.win32\debug.win32\win32inputbox.obj
d:\git\parallelformosa_g+\cocos2d\extensions\proj.win32\debug.win32\libextensions.tlog\cl.command.1.tlog
d:\git\parallelformosa_g+\cocos2d\extensions\proj.win32\debug.win32\libextensions.tlog\cl.read.1.tlog
d:\git\parallelformosa_g+\cocos2d\extensions\proj.win32\debug.win32\libextensions.tlog\lib-link.read.1.tlog
d:\git\parallelformosa_g+\cocos2d\extensions\proj.win32\debug.win32\libextensions.tlog\lib-link.write.1.tlog
d:\git\parallelformosa_g+\cocos2d\extensions\proj.win32\debug.win32\libextensions.tlog\lib.command.1.tlog
