  AssetsManager.cpp
  CCControl.cpp
  CCControlButton.cpp
  CCControlColourPicker.cpp
  CCControlHuePicker.cpp
  CCControlPotentiometer.cpp
  CCControlSaturationBrightnessPicker.cpp
  CCControlSlider.cpp
  CCControlStepper.cpp
  CCControlSwitch.cpp
  CCControlUtils.cpp
  CCInvocation.cpp
  CCScale9Sprite.cpp
  CCEditBox.cpp
  CCEditBoxImplWin.cpp
  CCScrollView.cpp
  CCTableView.cpp
  CCTableViewCell.cpp
..\GUI\CCEditBox\CCEditBoxImplWin.cpp(171): warning C4996: 'cocos2d::cc_utf8_strlen': was declared deprecated
          d:\git\parallelformosa_g+\cocos2d\cocos\base/ccUTF8.h(169) : see declaration of 'cocos2d::cc_utf8_strlen'
  CCPhysicsDebugNode.cpp
  CCPhysicsSprite.cpp
  Win32InputBox.cpp
d:\git\parallelformosa_g+\cocos2d\external\chipmunk\include\chipmunk\cpBB.h(105): warning C4056: overflow in floating-point constant arithmetic (..\physics-nodes\CCPhysicsDebugNode.cpp)
d:\git\parallelformosa_g+\cocos2d\external\chipmunk\include\chipmunk\cpBB.h(111): warning C4056: overflow in floating-point constant arithmetic (..\physics-nodes\CCPhysicsDebugNode.cpp)
d:\git\parallelformosa_g+\cocos2d\external\chipmunk\include\chipmunk\cpBB.h(105): warning C4056: overflow in floating-point constant arithmetic (..\physics-nodes\CCPhysicsSprite.cpp)
d:\git\parallelformosa_g+\cocos2d\external\chipmunk\include\chipmunk\cpBB.h(111): warning C4056: overflow in floating-point constant arithmetic (..\physics-nodes\CCPhysicsSprite.cpp)
  libExtensions.vcxproj -> D:\Git\Parallelformosa_G+\proj.win32\Debug.win32\libExtensions.lib
