  CCProtectedNode.cpp
  CocosGUI.cpp
  UIButton.cpp
  UICheckBox.cpp
  UIDeprecated.cpp
  UIHBox.cpp
  UIHelper.cpp
  UIImageView.cpp
  UILayout.cpp
  UILayoutManager.cpp
  UILayoutParameter.cpp
  UIListView.cpp
  UILoadingBar.cpp
  UIPageView.cpp
d:\git\parallelformosa_g+\cocos2d\cocos\ui\uilayout.cpp(1764): warning C4715: 'cocos2d::ui::Layout::isWidgetAncestorSupportLoopFocus' : not all control paths return a value
  UIRelativeBox.cpp
  UIRichText.cpp
  UIScrollView.cpp
  UISlider.cpp
  UIText.cpp
  UITextAtlas.cpp
  UITextBMFont.cpp
  UITextField.cpp
  UIVBox.cpp
  UIWidget.cpp
  libGUI.vcxproj -> D:\Git\Parallelformosa_G+\proj.win32\Debug.win32\libGUI.lib
