d:\git\parallelformosa_g+\cocos2d\cocos\ui\proj.win32\debug.win32\uibutton.obj
d:\git\parallelformosa_g+\cocos2d\cocos\ui\proj.win32\debug.win32\uiimageview.obj
d:\git\parallelformosa_g+\cocos2d\cocos\ui\proj.win32\debug.win32\uilistview.obj
d:\git\parallelformosa_g+\cocos2d\cocos\ui\proj.win32\debug.win32\uirelativebox.obj
d:\git\parallelformosa_g+\cocos2d\cocos\ui\proj.win32\debug.win32\uitext.obj
d:\git\parallelformosa_g+\cocos2d\cocos\ui\proj.win32\debug.win32\uiwidget.obj
d:\git\parallelformosa_g+\cocos2d\cocos\ui\proj.win32\debug.win32\ccprotectednode.obj
d:\git\parallelformosa_g+\cocos2d\cocos\ui\proj.win32\debug.win32\uideprecated.obj
d:\git\parallelformosa_g+\cocos2d\cocos\ui\proj.win32\debug.win32\uilayoutmanager.obj
d:\git\parallelformosa_g+\cocos2d\cocos\ui\proj.win32\debug.win32\uipageview.obj
d:\git\parallelformosa_g+\cocos2d\cocos\ui\proj.win32\debug.win32\uislider.obj
d:\git\parallelformosa_g+\cocos2d\cocos\ui\proj.win32\debug.win32\uitextfield.obj
d:\git\parallelformosa_g+\cocos2d\cocos\ui\proj.win32\debug.win32\uicheckbox.obj
d:\git\parallelformosa_g+\cocos2d\cocos\ui\proj.win32\debug.win32\uihbox.obj
d:\git\parallelformosa_g+\cocos2d\cocos\ui\proj.win32\debug.win32\uilayoutparameter.obj
d:\git\parallelformosa_g+\cocos2d\cocos\ui\proj.win32\debug.win32\uirichtext.obj
d:\git\parallelformosa_g+\cocos2d\cocos\ui\proj.win32\debug.win32\uitextatlas.obj
d:\git\parallelformosa_g+\cocos2d\cocos\ui\proj.win32\debug.win32\uivbox.obj
d:\git\parallelformosa_g+\cocos2d\cocos\ui\proj.win32\debug.win32\cocosgui.obj
d:\git\parallelformosa_g+\cocos2d\cocos\ui\proj.win32\debug.win32\uihelper.obj
d:\git\parallelformosa_g+\cocos2d\cocos\ui\proj.win32\debug.win32\uilayout.obj
d:\git\parallelformosa_g+\cocos2d\cocos\ui\proj.win32\debug.win32\uiloadingbar.obj
d:\git\parallelformosa_g+\cocos2d\cocos\ui\proj.win32\debug.win32\uiscrollview.obj
d:\git\parallelformosa_g+\cocos2d\cocos\ui\proj.win32\debug.win32\uitextbmfont.obj
d:\git\parallelformosa_g+\proj.win32\debug.win32\libgui.lib
d:\git\parallelformosa_g+\cocos2d\cocos\ui\proj.win32\debug.win32\libgui.tlog\cl.command.1.tlog
d:\git\parallelformosa_g+\cocos2d\cocos\ui\proj.win32\debug.win32\libgui.tlog\cl.read.1.tlog
d:\git\parallelformosa_g+\cocos2d\cocos\ui\proj.win32\debug.win32\libgui.tlog\cl.write.1.tlog
d:\git\parallelformosa_g+\cocos2d\cocos\ui\proj.win32\debug.win32\libgui.tlog\lib-link.read.1.tlog
d:\git\parallelformosa_g+\cocos2d\cocos\ui\proj.win32\debug.win32\libgui.tlog\lib-link.write.1.tlog
d:\git\parallelformosa_g+\cocos2d\cocos\ui\proj.win32\debug.win32\libgui.tlog\lib.command.1.tlog
